C51 COMPILER V9.00   L298N                                                                 07/27/2016 19:51:45 PAGE 1   


C51 COMPILER V9.00, COMPILATION OF MODULE L298N
OBJECT MODULE PLACED IN L298N.OBJ
COMPILER INVOKED BY: d:\Keil\C51\BIN\C51.EXE L298N.c BROWSE DEBUG OBJECTEXTEND

line level    source

   1          #include "L298N.h"
   2          #include "Config.c"
   3          void Go()
   4          {
   5   1          IN1=0;
   6   1              IN2=1;
   7   1              IN3=0;
   8   1              IN4=1;
   9   1      
  10   1      }
  11          void Back()
  12          {
  13   1              IN1=1;
  14   1              IN2=0;
  15   1              IN3=1;
  16   1              IN4=0;
  17   1              ENA=1;
  18   1              ENB=1;
  19   1      }
  20          void Stop()
  21          {       IN1=0;
  22   1              IN2=0;
  23   1              IN3=0;
  24   1              IN4=0;
  25   1              ENA=0;
  26   1              ENB=0;
  27   1      }


MODULE INFORMATION:   STATIC OVERLAYABLE
   CODE SIZE        =     35    ----
   CONSTANT SIZE    =   ----    ----
   XDATA SIZE       =   ----    ----
   PDATA SIZE       =   ----    ----
   DATA SIZE        =   ----    ----
   IDATA SIZE       =   ----    ----
   BIT SIZE         =   ----    ----
END OF MODULE INFORMATION.


C51 COMPILATION COMPLETE.  0 WARNING(S),  0 ERROR(S)
