C51 COMPILER V9.00   PWM                                                                   07/27/2016 19:52:10 PAGE 1   


C51 COMPILER V9.00, COMPILATION OF MODULE PWM
OBJECT MODULE PLACED IN PWM.OBJ
COMPILER INVOKED BY: d:\Keil\C51\BIN\C51.EXE PWM.c BROWSE DEBUG OBJECTEXTEND

line level    source

   1          #include "Config.c"
   2          #include "PWM.h"
   3          #include "ldc1000_51.h"
   4          #include "Lcd_1602.h"
   5          void RP_Time0_Config()
   6          {
   7   1              TMOD|=0X01;
   8   1              TH0=0;
   9   1              TL0=0;
  10   1              EA|=1;
  11   1              ET0=1;
  12   1              TR0=1;
  13   1      }
  14          void PWM_Time1_Config()
  15          {       
  16   1              TMOD|=0X10;
  17   1              TH1=0XFF;
  18   1              TL1=0XFE;
  19   1              EA|=1;
  20   1              ET1=1;
  21   1              TR1=1;
  22   1      
  23   1              ENA=1;
  24   1              ENB=1;   
  25   1      }
  26          void PWM_Left(int y,int z)
  27          {       
  28   1              ENA=0;
  29   1              if(y<=z)
  30   1              {
  31   2                      ENB=1;
  32   2              }
  33   1              if(y>z)
  34   1              {
  35   2                      ENB=0;
  36   2              }
  37   1      }
  38          void PWM_Right(int y,int z)
  39          {
  40   1              ENB=0;
  41   1              if(y<=z)
  42   1              {
  43   2                      ENA=1;
  44   2              }
  45   1              if(y>z)
  46   1              {
  47   2                      ENA=0;
  48   2              }
  49   1      }
  50          
  51          void PWM_time1()
  52          {
  53   1              static int ti;
  54   1              TH1=0XFF;
  55   1              TL1=0XFE;
C51 COMPILER V9.00   PWM                                                                   07/27/2016 19:52:10 PAGE 2   

  56   1              if(PWM_flag!=0){
  57   2                      PWM_flag>0?PWM_Right(ti,100):PWM_Left(ti,100);  //当PWM_flag不为0  >0为Left <0为Right；
  58   2              }else{
  59   2                      PWM_Low(ti,30);
  60   2              }  
  61   1              ti++;
  62   1              if(ti==200){
  63   2                      ti=0;
  64   2              }       
  65   1      }
  66          void PWM_Low(int y,int z)
  67          {
  68   1      /*      unsigned int x,x1;
  69   1              x=y+20;
  70   1              x1=y-20;
  71   1              if(y<10){
  72   1                      ENA=1;
  73   1                      ENB=1;
  74   1              }else{   */
  75   1                      if(y<=z)
  76   1                      {
  77   2                              ENB=1;
  78   2                      }
  79   1                      if(y>z)
  80   1                      {
  81   2                              ENB=0;
  82   2                      }
  83   1                      if(y<=z)
  84   1                      {
  85   2                              ENA=1;
  86   2                      }
  87   1                      if(y>z)
  88   1                      {
  89   2                              ENA=0;
  90   2              }
  91   1              }
  92          /*      if(x1<=z)
  93                  {
  94                          ENB=1;
  95                  }
  96                  if(x>z)
  97                  {
  98                          ENB=0;
  99                  }
 100                  if(x1<=z)
 101                  {
 102                          ENA=1;
 103                  }
 104                  if(x>z)
 105                  {
 106                          ENA=0;
 107                  }                  */


MODULE INFORMATION:   STATIC OVERLAYABLE
   CODE SIZE        =    227    ----
   CONSTANT SIZE    =   ----    ----
   XDATA SIZE       =   ----    ----
   PDATA SIZE       =   ----    ----
   DATA SIZE        =      2    ----
   IDATA SIZE       =   ----    ----
   BIT SIZE         =   ----    ----
C51 COMPILER V9.00   PWM                                                                   07/27/2016 19:52:10 PAGE 3   

END OF MODULE INFORMATION.


C51 COMPILATION COMPLETE.  0 WARNING(S),  0 ERROR(S)
