C51 COMPILER V9.00   DS1302                                                                07/18/2016 07:08:19 PAGE 1   


C51 COMPILER V9.00, COMPILATION OF MODULE DS1302
OBJECT MODULE PLACED IN DS1302.OBJ
COMPILER INVOKED BY: d:\Keil\C51\BIN\C51.EXE DS1302.c BROWSE DEBUG OBJECTEXTEND

line level    source

   1          #include <DS1302.h>
   2          uchar TIME[7] = {0, 0, 0x12, 0x02, 0x02, 0x05, 0x16};
   3          uchar code READ_RTC_ADDR[7] = {0x81, 0x83, 0x85, 0x87, 0x89, 0x8b, 0x8f}; 
   4          uchar code WRITE_RTC_ADDR[7] = {0x80, 0x82, 0x84, 0x86, 0x88, 0x8a, 0x8c};
   5          void DS_Write_data(uchar addr,uchar date)
   6          {
   7   1              uchar i;
   8   1              CE=0;
   9   1              _nop_();
  10   1              CE=1;
  11   1              SCLK=0;
  12   1              for(i=0;i<8;i++)
  13   1              {
  14   2                      IO=addr&0x01;
  15   2                      addr>>=1;
  16   2                      SCLK=1;
  17   2                      _nop_();
  18   2                      SCLK=0;
  19   2                      _nop_();
  20   2              }
  21   1              for(i=0;i<8;i++)
  22   1              {
  23   2                      IO=date&0x01;
  24   2                      date>>=1;
  25   2                      SCLK=1;
  26   2                      _nop_();
  27   2                      SCLK=0;
  28   2                      nop_();
  29   2              }       
  30   1      }
  31          
  32          uchar DS_Read_date(uchar addr)
  33          {
  34   1              uchar n,dat,dat1;
  35   1              CE = 0;
  36   1              _nop_();
  37   1              SCLK = 0;
  38   1              _nop_();
  39   1              CE = 1;
  40   1              _nop_();
  41   1      
  42   1              for(n=0; n<8; n++)
  43   1              {
  44   2                      IO =  addr&0x01 ;
  45   2                      addr >>= 1;
  46   2                      SCLK = 1;
  47   2                      _nop_();
  48   2                      SCLK = 0;
  49   2                      _nop_();
  50   2              }
  51   1              _nop_();
  52   1              for(n=0; n<8; n++)
  53   1              {
  54   2                      dat1 = IO;
  55   2                      dat = (dat>>1) | (dat1<<7);
C51 COMPILER V9.00   DS1302                                                                07/18/2016 07:08:19 PAGE 2   

  56   2                      SCLK = 1;
  57   2                      _nop_();
  58   2                      SCLK = 0;
  59   2                      _nop_();
  60   2              }
  61   1      
  62   1              CE = 0;
  63   1              _nop_();
  64   1              SCLK = 1;
  65   1              _nop_();
  66   1              IO = 0;
  67   1              _nop_();
  68   1              IO = 1;
  69   1              _nop_();
  70   1              return dat;
  71   1      }
  72          
  73          void DS_Read_time()
  74          {
  75   1              uchar n;
  76   1              for (n=0; n<7; n++)
  77   1              {
  78   2                      TIME[n] = DS_Read_date(READ_RTC_ADDR[n]);
  79   2              }       
  80   1      }
  81          
  82          void DS_init()
  83          {
  84   1              uint i;
  85   1              DS_Write_data(0x8E,0X00);
  86   1              for(i=0;i<7;i++)
  87   1              {       
  88   2                      DS_Write_data(WRITE_RTC_ADDR[i],TIME[i]);
  89   2              }
  90   1              DS_Write_data(0x8E,0X80);       
  91   1      }


MODULE INFORMATION:   STATIC OVERLAYABLE
   CODE SIZE        =    187    ----
   CONSTANT SIZE    =     14    ----
   XDATA SIZE       =   ----    ----
   PDATA SIZE       =   ----    ----
   DATA SIZE        =      7    ----
   IDATA SIZE       =   ----    ----
   BIT SIZE         =   ----    ----
END OF MODULE INFORMATION.


C51 COMPILATION COMPLETE.  0 WARNING(S),  0 ERROR(S)
