C51 COMPILER V9.00   LCD                                                                   07/18/2016 07:08:18 PAGE 1   


C51 COMPILER V9.00, COMPILATION OF MODULE LCD
OBJECT MODULE PLACED IN LCD.OBJ
COMPILER INVOKED BY: d:\Keil\C51\BIN\C51.EXE LCD.c BROWSE DEBUG OBJECTEXTEND

line level    source

   1          #include "LCD.h"
   2          
   3          
   4          
   5          void delay(uint z)
   6          {
   7   1              uint x,y;
   8   1              for(x=z;x>0;x--)
   9   1                      for(y=110;y>0;y--);
  10   1      }
  11          
  12          void Lcd_Write_com(uint x)
  13          {
  14   1              rs=0;
  15   1              rw=0;
  16   1              P0=x;
  17   1              delay(1);
  18   1              lecde=1;
  19   1              delay(1);
  20   1              lecde=0;
  21   1      }
  22          
  23          void Lcd_Write_data(uchar da)
  24          {
  25   1              rs=1;
  26   1              rw=0;
  27   1              delay(1);
  28   1              P0=da;
  29   1              lecde=1;
  30   1              delay(1);
  31   1              lecde=0;        
  32   1      }
  33          
  34          void Lcd_init()
  35          {
  36   1              Lcd_Write_com(0x38);
  37   1              delay(1);
  38   1              Lcd_Write_com(0x0F);
  39   1              delay(1);
  40   1              Lcd_Write_com(0x01);
  41   1              delay(1);
  42   1              Lcd_Write_com(0x06);
  43   1              delay(1);
  44   1              Lcd_Write_com(0x80);
  45   1              delay(1);
  46   1              Lcd_Write_com(0x01);
  47   1              delay(1);
  48   1              
  49   1      }


MODULE INFORMATION:   STATIC OVERLAYABLE
   CODE SIZE        =    114    ----
   CONSTANT SIZE    =   ----    ----
   XDATA SIZE       =   ----    ----
C51 COMPILER V9.00   LCD                                                                   07/18/2016 07:08:18 PAGE 2   

   PDATA SIZE       =   ----    ----
   DATA SIZE        =   ----    ----
   IDATA SIZE       =   ----    ----
   BIT SIZE         =   ----    ----
END OF MODULE INFORMATION.


C51 COMPILATION COMPLETE.  0 WARNING(S),  0 ERROR(S)
