C51 COMPILER V9.00   CONFIG                                                                07/18/2016 20:18:09 PAGE 1   


C51 COMPILER V9.00, COMPILATION OF MODULE CONFIG
OBJECT MODULE PLACED IN Config.OBJ
COMPILER INVOKED BY: d:\Keil\C51\BIN\C51.EXE Config.c BROWSE DEBUG OBJECTEXTEND

line level    source

   1          #include <reg52.h>
   2          sbit LCD_rs=P2^6;
   3          sbit LCD_rw=P2^5;
   4          sbit LCD_e=P2^7;                                                                         
   5          sbit T=P2^1;
   6          sbit E=P3^2;
   7          sbit led=P1^5;
   8          void delay_20us();
   9          #define uchar unsigned char
  10          void delayms(unsigned int ms);
  11          unsigned int time,timeH,timeL,dist,flag;
  12          void Time1_Config();
  13          void jisuan();


MODULE INFORMATION:   STATIC OVERLAYABLE
   CODE SIZE        =   ----    ----
   CONSTANT SIZE    =   ----    ----
   XDATA SIZE       =   ----    ----
   PDATA SIZE       =   ----    ----
   DATA SIZE        =     10    ----
   IDATA SIZE       =   ----    ----
   BIT SIZE         =   ----    ----
END OF MODULE INFORMATION.


C51 COMPILATION COMPLETE.  0 WARNING(S),  0 ERROR(S)
