C51 COMPILER V9.00   LCD                                                                   07/18/2016 20:01:17 PAGE 1   


C51 COMPILER V9.00, COMPILATION OF MODULE LCD
OBJECT MODULE PLACED IN lcd.OBJ
COMPILER INVOKED BY: d:\Keil\C51\BIN\C51.EXE lcd.c BROWSE DEBUG OBJECTEXTEND

line level    source

   1          
   2          sbit LCD_rs=P2^6;
*** ERROR C202 IN LINE 2 OF LCD.C: 'P2': undefined identifier
   3          sbit LCD_rw=P2^5;
*** ERROR C202 IN LINE 3 OF LCD.C: 'P2': undefined identifier
   4          sbit LCD_e=P2^7;
*** ERROR C202 IN LINE 4 OF LCD.C: 'P2': undefined identifier
   5          void LCD_Delay();
   6          void Write_com(char x)
   7          {
   8   1              LCD_rs=0;
*** ERROR C202 IN LINE 8 OF LCD.C: 'LCD_rs': undefined identifier
   9   1              LCD_rw=0;
*** ERROR C202 IN LINE 9 OF LCD.C: 'LCD_rw': undefined identifier
  10   1              LCD_e=0;
*** ERROR C202 IN LINE 10 OF LCD.C: 'LCD_e': undefined identifier
  11   1              LCD_Delay();
  12   1              P0=x;
*** ERROR C202 IN LINE 12 OF LCD.C: 'P0': undefined identifier
  13   1              LCD_e=1;
*** ERROR C202 IN LINE 13 OF LCD.C: 'LCD_e': undefined identifier
  14   1              LCD_Delay();
  15   1              LCD_e=0;
*** ERROR C202 IN LINE 15 OF LCD.C: 'LCD_e': undefined identifier
  16   1      
  17   1      }
  18          void Write_dat(char x)
  19          {
  20   1              LCD_rs=1;
*** ERROR C202 IN LINE 20 OF LCD.C: 'LCD_rs': undefined identifier
  21   1              LCD_rw=0;
*** ERROR C202 IN LINE 21 OF LCD.C: 'LCD_rw': undefined identifier
  22   1              LCD_e=0;
*** ERROR C202 IN LINE 22 OF LCD.C: 'LCD_e': undefined identifier
  23   1              LCD_Delay();
  24   1              P0=x;
*** ERROR C202 IN LINE 24 OF LCD.C: 'P0': undefined identifier
  25   1              LCD_e=1;
*** ERROR C202 IN LINE 25 OF LCD.C: 'LCD_e': undefined identifier
  26   1              LCD_Delay();
  27   1              LCD_e=0;
*** ERROR C202 IN LINE 27 OF LCD.C: 'LCD_e': undefined identifier
  28   1      
  29   1      }
  30          void LCD_init()
  31          {
  32   1              LCD_rs=0;
*** ERROR C202 IN LINE 32 OF LCD.C: 'LCD_rs': undefined identifier
  33   1              LCD_rw=0;
*** ERROR C202 IN LINE 33 OF LCD.C: 'LCD_rw': undefined identifier
  34   1              LCD_e=0;
*** ERROR C202 IN LINE 34 OF LCD.C: 'LCD_e': undefined identifier
  35   1          Write_com(0x38);
  36   1              Write_com(0x0e);
  37   1              Write_com(0x06);
C51 COMPILER V9.00   LCD                                                                   07/18/2016 20:01:17 PAGE 2   

  38   1              Write_com(0x01);
  39   1      }
  40          void LCD_Delay()
  41          {
  42   1              int x,y;
  43   1              for(x=0;x<10;x++)
  44   1                      for(y=0;y<200;y++);
  45   1      }

C51 COMPILATION COMPLETE.  0 WARNING(S),  18 ERROR(S)
