C51 COMPILER V9.00   MAIN                                                                  07/20/2016 18:32:29 PAGE 1   


C51 COMPILER V9.00, COMPILATION OF MODULE MAIN
OBJECT MODULE PLACED IN main.OBJ
COMPILER INVOKED BY: d:\Keil\C51\BIN\C51.EXE main.c BROWSE DEBUG OBJECTEXTEND

line level    source

   1          #include <reg52.h>
   2          sbit LCD_rs=P2^6;
   3          sbit LCD_rw=P2^5;
   4          sbit LCD_e=P2^7;                                                                         
   5          sbit T=P2^0;
   6          sbit E=P2^1;      // π”√∆’Õ®IO
   7          sbit led=P1^5;
   8          void delay_20us();
   9          #define uchar unsigned char
  10          unsigned int time,timeH,timeL,dist,flag,temp,ge,shi,bai,k;
  11          void Write_com(char x);
  12          void Write_dat(char x);
  13          void LCD_init();
  14          void LCD_Delay();
  15          uchar ch[]="0123456789";
  16          void Time0_Config();
  17          void Count();
  18          void main()
  19          {       
  20   1              LCD_init();
  21   1              Time0_Config();
  22   1              T=0;
  23   1              while(1){       
  24   2                      T=1;
  25   2                      delay_20us();
  26   2                      T=0;
  27   2                      while(!E);
  28   2                      TR0=1;
  29   2                      while(E);
  30   2                      TR0=0;  
  31   2                      Count();
  32   2              
  33   2                      LCD_Delay();LCD_Delay();LCD_Delay();LCD_Delay();LCD_Delay();LCD_Delay();LCD_Delay();LCD_Delay();LCD_Dela
             -y();LCD_Delay();      
  34   2                                              
  35   2                                                      LCD_Delay();LCD_Delay();LCD_Delay();LCD_Delay();LCD_Delay();LCD_Delay();LCD_Delay();LCD_Delay();LCD_
             -Delay();LCD_Delay();  
  36   2              }
  37   1      
  38   1                      
  39   1      
  40   1      }
  41          void Count()
  42          {
  43   1              Write_com(0x01);
  44   1         time=TH0*256+TL0;
  45   1         dist=time*0.019;
  46   1         bai=dist/100;
  47   1         shi=dist%100/10;
  48   1         ge=dist%100%10;
  49   1         Write_dat(ch[bai]);
  50   1         Write_dat(ch[shi]);
  51   1              Write_dat(ch[ge]);
  52   1              TH0=0;
  53   1              TL0=0;
C51 COMPILER V9.00   MAIN                                                                  07/20/2016 18:32:29 PAGE 2   

  54   1      
  55   1      }
  56          void Time0_Config()
  57          {
  58   1              TMOD=0X01;
  59   1              TH0=0;
  60   1              TL0=0;
  61   1              ET0=1;
  62   1      }
  63          void Time0() interrupt 1
  64          {
  65   1              TH0=0;
  66   1              TL0=0;
  67   1              led=~led;
  68   1      }
  69          
  70          
  71          
  72          void delay_20us()
  73          { 
  74   1          uchar a ;
  75   1          for(a=0;a<100;a++);
  76   1      }
  77          void Write_com(char x)
  78          {
  79   1              LCD_rs=0;
  80   1              LCD_rw=0;
  81   1              LCD_e=0;
  82   1              LCD_Delay();
  83   1              P0=x;
  84   1              LCD_e=1;
  85   1              LCD_Delay();
  86   1              LCD_e=0;
  87   1      }
  88          void Write_dat(char x)
  89          {
  90   1              
  91   1              LCD_rs=1;
  92   1              LCD_rw=0;
  93   1              LCD_e=0;
  94   1              LCD_Delay();
  95   1              P0=x;
  96   1              LCD_e=1;
  97   1              LCD_Delay();
  98   1              LCD_e=0;
  99   1      
 100   1      }
 101          void LCD_init()
 102          {
 103   1              LCD_rs=0;
 104   1              LCD_rw=0;
 105   1              LCD_e=0;
 106   1          Write_com(0x38);
 107   1              Write_com(0x0e);
 108   1              Write_com(0x06);
 109   1              Write_com(0x01);
 110   1      }
 111          void LCD_Delay()
 112          {
 113   1              int x,y;
 114   1              for(x=0;x<10;x++)
 115   1                      for(y=0;y<200;y++);
C51 COMPILER V9.00   MAIN                                                                  07/20/2016 18:32:29 PAGE 3   

 116   1      }
 117          
 118          


MODULE INFORMATION:   STATIC OVERLAYABLE
   CODE SIZE        =    351    ----
   CONSTANT SIZE    =   ----    ----
   XDATA SIZE       =   ----    ----
   PDATA SIZE       =   ----    ----
   DATA SIZE        =     31       2
   IDATA SIZE       =   ----    ----
   BIT SIZE         =   ----    ----
END OF MODULE INFORMATION.


C51 COMPILATION COMPLETE.  0 WARNING(S),  0 ERROR(S)
