C51 COMPILER V9.00   ¶æ»_                                                                  07/24/2016 08:47:57 PAGE 1   


C51 COMPILER V9.00, COMPILATION OF MODULE ¶æ»_
OBJECT MODULE PLACED IN ¶æ»ú.OBJ
COMPILER INVOKED BY: d:\Keil\C51\BIN\C51.EXE ¶æ»ú.c BROWSE DEBUG OBJECTEXTEND

line level    source

   1          #include <reg52.h>
   2          sbit IO=P3^7;
   3          
   4          void Time1_Config();
   5          int Angle=1;
   6          void main()
   7          {
   8   1              IO=0;
   9   1              Time1_Config();
  10   1              while(1);               
  11   1      }
  12          void Time1_Config()
  13          {
  14   1              TMOD|=0X10;
  15   1              EA=1;
  16   1              TH1=0Xfe;
  17   1              TL1=0X35;
  18   1              ET1=1;
  19   1              TR1=1;
  20   1      }
  21          
  22          void Time1() interrupt 3
  23          {
  24   1              int temp,k,t;
  25   1              static int ko;
  26   1              int ch[]={1,2,3,2};
  27   1              TH1=0Xfe;
  28   1              TL1=0X35;
  29   1              k++;
  30   1              if(k==800){
  31   2                      k=0;
  32   2                      t++;
  33   2                      if(t==2){
  34   3                              t=0;
  35   3                      
  36   3                              Angle=ch[ko];
  37   3                              if(ko==3){
  38   4                                      ko=-1;
  39   4                              }
  40   3                                      ko++;   
  41   3                        }
  42   2              }
  43   1              if(temp<=Angle){
  44   2                      IO=1;
  45   2              }else{
  46   2                      IO=0;
  47   2              }
  48   1              temp++;
  49   1              if(temp==40){
  50   2                      temp=0; 
  51   2              }       
  52   1      }


MODULE INFORMATION:   STATIC OVERLAYABLE
C51 COMPILER V9.00   ¶æ»_                                                                  07/24/2016 08:47:57 PAGE 2   

   CODE SIZE        =    221    ----
   CONSTANT SIZE    =      8    ----
   XDATA SIZE       =   ----    ----
   PDATA SIZE       =   ----    ----
   DATA SIZE        =      4      14
   IDATA SIZE       =   ----    ----
   BIT SIZE         =   ----    ----
END OF MODULE INFORMATION.


C51 COMPILATION COMPLETE.  0 WARNING(S),  0 ERROR(S)
