C51 COMPILER V9.00   MAIN                                                                  07/17/2016 20:46:52 PAGE 1   


C51 COMPILER V9.00, COMPILATION OF MODULE MAIN
OBJECT MODULE PLACED IN main.OBJ
COMPILER INVOKED BY: d:\Keil\C51\BIN\C51.EXE main.c BROWSE DEBUG OBJECTEXTEND

line level    source

   1          #include <reg52.h>
   2          sbit led=P0^7;
   3          sbit IN1=P1^0;
   4          sbit IN2=P1^1;
   5          sbit IN3=P1^2;
   6          sbit IN4=P1^3;
   7          void Time0_Config();
   8          int i,temp,dc,flag;
   9          void pwm();
  10          void main()
  11          {
  12   1              flag=0;
  13   1              IN1=1;
  14   1              IN2=0;
  15   1              IN3=1;
  16   1              IN4=0;
  17   1              dc=50;
  18   1              Time0_Config();
  19   1              while(1);
  20   1      
  21   1      }
  22          
  23          void Time0_Config()
  24          {
  25   1              TMOD=0x01;
  26   1              TH0=0xb8;
  27   1              TL0=0x0f;
  28   1              EA=1;
  29   1              ET0=1;
  30   1              TR0=1;
  31   1      }
  32          void time() interrupt 1
  33          {
  34   1              TH0=0xb8;
  35   1              TL0=0x0f;
  36   1              temp++;
  37   1              if(temp<=dc){
  38   2                       led=1;
  39   2      
  40   2              }
  41   1              if(temp>dc){
  42   2                       led=0;
  43   2              }
  44   1              if(temp==100){
  45   2                      temp=0;
  46   2              }
  47   1              if(temp==50){
  48   2                      temp=0;
  49   2                      led=~led;
  50   2              }
  51   1      }


MODULE INFORMATION:   STATIC OVERLAYABLE
   CODE SIZE        =    131    ----
C51 COMPILER V9.00   MAIN                                                                  07/17/2016 20:46:52 PAGE 2   

   CONSTANT SIZE    =   ----    ----
   XDATA SIZE       =   ----    ----
   PDATA SIZE       =   ----    ----
   DATA SIZE        =      8    ----
   IDATA SIZE       =   ----    ----
   BIT SIZE         =   ----    ----
END OF MODULE INFORMATION.


C51 COMPILATION COMPLETE.  0 WARNING(S),  0 ERROR(S)
