C51 COMPILER V9.00   ³¬É_²¨                                                                07/21/2016 19:03:45 PAGE 1   


C51 COMPILER V9.00, COMPILATION OF MODULE ³¬É_²¨
OBJECT MODULE PLACED IN ³¬Éù²¨.OBJ
COMPILER INVOKED BY: d:\Keil\C51\BIN\C51.EXE ³¬Éù²¨.c BROWSE DEBUG OBJECTEXTEND

line level    source

   1          #include <reg52.h>
   2          sbit T=P2^1;
   3          sbit E=P3^2;
   4          void Write_com(char x);
   5           void Write_dat(char x);
   6           void Time0_Config();
   7           void LCD_init();
   8           void LCD_Delay();
   9                   sbit LCD_rs=P2^6;
  10                  sbit LCD_rw=P2^5;
  11                  sbit LCD_e=P2^7;                                                                         
  12                  sbit led=P1^5;
  13          #define uchar unsigned char
  14          void Time1_Config();
  15          uchar ch[]="0123456789";
  16          unsigned int time,timeH,timeL,dist,flag;
  17          uchar che,bai,shi,ge;
  18          void Write_dat(char x);
  19          void delay_20us()
  20           { 
  21   1          uchar a ;
  22   1          for(a=0;a<100;a++);
  23   1       }
  24          void main()
  25          {
  26   1              LCD_init();
  27   1      
  28   1      
  29   1              while(1);
  30   1                                                      
  31   1      }
  32          
  33          void Time1_Config()
  34          {
  35   1              TMOD|=0x10;
  36   1              TH1=0xff;
  37   1              TL1=0xff;
  38   1              ET1=1;
  39   1              TR1=1;
  40   1      }
  41          void Waibu() interrupt 0
  42          {
  43   1                      
  44   1      
  45   1      }
  46          
  47          void Time1() interrupt 3
  48          {
  49   1              TH1=0xff;
  50   1              TL1=0xff;
  51   1              TR1=0;
  52   1              Write_dat('9');
  53   1      }
  54          void Write_com(char x)
  55          {
C51 COMPILER V9.00   ³¬É_²¨                                                                07/21/2016 19:03:45 PAGE 2   

  56   1              LCD_rs=0;
  57   1              LCD_rw=0;
  58   1              LCD_e=0;
  59   1              LCD_Delay();
  60   1              P0=x;
  61   1              LCD_e=1;
  62   1              LCD_Delay();
  63   1              LCD_e=0;
  64   1      
  65   1      }
  66          void Write_dat(char x)
  67          {
  68   1              LCD_rs=1;
  69   1              LCD_rw=0;
  70   1              LCD_e=0;
  71   1              LCD_Delay();
  72   1              P0=x;
  73   1              LCD_e=1;
  74   1              LCD_Delay();
  75   1              LCD_e=0;
  76   1      
  77   1      }
  78          void LCD_init()
  79          {
  80   1              LCD_rs=0;
  81   1              LCD_rw=0;
  82   1              LCD_e=0;
  83   1          Write_com(0x38);
  84   1              Write_com(0x0e);
  85   1              Write_com(0x06);
  86   1              Write_com(0x01);
  87   1      }
  88          void LCD_Delay()
  89          {
  90   1              int x,y;
  91   1              for(x=0;x<10;x++)
  92   1                      for(y=0;y<200;y++);
  93   1      }


MODULE INFORMATION:   STATIC OVERLAYABLE
   CODE SIZE        =    195    ----
   CONSTANT SIZE    =   ----    ----
   XDATA SIZE       =   ----    ----
   PDATA SIZE       =   ----    ----
   DATA SIZE        =     25       2
   IDATA SIZE       =   ----    ----
   BIT SIZE         =   ----    ----
END OF MODULE INFORMATION.


C51 COMPILATION COMPLETE.  0 WARNING(S),  0 ERROR(S)
