C51 COMPILER V9.00   MAIN                                                                  07/30/2016 11:49:15 PAGE 1   


C51 COMPILER V9.00, COMPILATION OF MODULE MAIN
OBJECT MODULE PLACED IN main.OBJ
COMPILER INVOKED BY: d:\Keil\C51\BIN\C51.EXE main.c BROWSE DEBUG OBJECTEXTEND

line level    source

   1          #include <reg52.h>
   2          #include "Lcd_1602.h"
   3          #include "ldc1000_51.h"
   4          #include "Config.c"
   5          #include "L298N.h"
   6          #include "PWM.h"
   7          void init();
   8          long int value;
   9          int PWM_FLAG,sp;
  10          void ddd(int z);
  11          void main()
  12          {
  13   1              init();
  14   1              Init_Lcd();
  15   1              PS=1;
  16   1              PWM_Time1_Config();
  17   1              Go();   
  18   1              PWM_FLAG=0;
  19   1              //LCD_value(0,0,PWM_FLAG);      
  20   1              while(1);  
  21   1                                      
  22   1      }
  23          void init()
  24          {
  25   1              SM0=0;
  26   1              SM1=1;
  27   1              REN=1;
  28   1              TI=0;
  29   1              RI=0;
  30   1              TMOD=0X20;
  31   1              TH1=0Xfd;
  32   1              TL1=0Xfd;
  33   1              ET1=0;
  34   1              TR1=1;
  35   1              EA=1;
  36   1              ES=1;
  37   1      }
  38          void Trans() interrupt 4
  39          {
  40   1      
  41   1        if(RI)                                        //接收结束 标志符
  42   1        {                        //接收的SBUF
  43   2                RI=0;                            //接收的SBUF
  44   2                PWM_FLAG=SBUF; 
  45   2                LCD_value(0,0,PWM_FLAG);      
  46   2        }
  47   1        if(TI)                                 //发送结束表示符号
  48   1        {     
  49   2              TI=0;
  50   2        }
  51   1        TR1=1;
  52   1      }
  53          void Time1() interrupt 1
  54          {
  55   1              int i;
C51 COMPILER V9.00   MAIN                                                                  07/30/2016 11:49:15 PAGE 2   

  56   1              TR0=0;
  57   1              i++;
  58   1              TH0=0XFF;
  59   1              TL0=0XFE;
  60   1              switch(PWM_FLAG)
  61   1              {
  62   2              //      case 1: PWM_Right(i,100);PWM_FLAG=0;            break;
  63   2                      case 2: ENA=0;PWM_Left(i,100);  break;          
  64   2                      case 0: PWM_Low(i,30);          break;
  65   2                      default: PWM_Low(i,30);
  66   2              }
  67   1      
  68   1              if(i==200){
  69   2                      i=0;
  70   2                      PWM_FLAG=0;
  71   2                      }
  72   1              TR0=1;
  73   1      
  74   1      }
  75          void ddd(int z)
  76          {
  77   1              int x,y;
  78   1              for(x=0;x<z;x++)
  79   1                      for(y=0;y<150;y++);
  80   1      }
  81          
  82          
  83          
  84          
  85          
  86          
  87          
  88          
  89          


MODULE INFORMATION:   STATIC OVERLAYABLE
   CODE SIZE        =    312    ----
   CONSTANT SIZE    =   ----    ----
   XDATA SIZE       =   ----    ----
   PDATA SIZE       =   ----    ----
   DATA SIZE        =      8       2
   IDATA SIZE       =   ----    ----
   BIT SIZE         =   ----    ----
END OF MODULE INFORMATION.


C51 COMPILATION COMPLETE.  0 WARNING(S),  0 ERROR(S)
