C51 COMPILER V9.00   MY_LCD                                                                07/28/2016 01:09:57 PAGE 1   


C51 COMPILER V9.00, COMPILATION OF MODULE MY_LCD
OBJECT MODULE PLACED IN MY_LCD.OBJ
COMPILER INVOKED BY: d:\Keil\C51\BIN\C51.EXE MY_LCD.c BROWSE DEBUG OBJECTEXTEND

line level    source

   1          #include "Config.c"
   2          #include "MY_LCD.h"
   3          void LCD_Delay()
   4          {
   5   1              int x,y;
   6   1              for(x=0;x<10;x++)
   7   1                      for(y=0;y<200;y++);
   8   1      }
   9          void Write_com(char x)
  10          {
  11   1              LCD_RS=0;
  12   1              RW=0;
  13   1              LCD_E=0;
  14   1              LCD_Delay();
  15   1              P0=x;
  16   1              LCD_E=1;
  17   1              LCD_Delay();
  18   1              LCD_E=0;
  19   1      }
  20          void Write_dat(char x)
  21          {
  22   1              LCD_RS=1;
  23   1              RW=0;
  24   1              LCD_E=0;
  25   1              LCD_Delay();
  26   1              P0=x;
  27   1              LCD_E=1;
  28   1              LCD_Delay();
  29   1              LCD_E=0;
  30   1      
  31   1      }
  32          void LCD_init()
  33          {
  34   1              LCD_RS=0;
  35   1              RW=0;
  36   1              LCD_E=0;
  37   1          Write_com(0x38);
  38   1              Write_com(0x0e);
  39   1              Write_com(0x06);
  40   1              Write_com(0x01);
  41   1      }
  42          void LCD_test()
  43          {       char ch[]="LCD_test success";
  44   1              int i;
  45   1                      LCD_init();
  46   1              
  47   1              for(i=0;i<16;i++)
  48   1              {
  49   2                      Write_dat(ch[i]);
  50   2              }
  51   1              while(1);
  52   1      }


MODULE INFORMATION:   STATIC OVERLAYABLE
C51 COMPILER V9.00   MY_LCD                                                                07/28/2016 01:09:57 PAGE 2   

   CODE SIZE        =    133    ----
   CONSTANT SIZE    =     17    ----
   XDATA SIZE       =   ----    ----
   PDATA SIZE       =   ----    ----
   DATA SIZE        =   ----      17
   IDATA SIZE       =   ----    ----
   BIT SIZE         =   ----    ----
END OF MODULE INFORMATION.


C51 COMPILATION COMPLETE.  0 WARNING(S),  0 ERROR(S)
