C51 COMPILER V9.00   PWM                                                                   07/30/2016 11:49:16 PAGE 1   


C51 COMPILER V9.00, COMPILATION OF MODULE PWM
OBJECT MODULE PLACED IN PWM.OBJ
COMPILER INVOKED BY: d:\Keil\C51\BIN\C51.EXE PWM.c BROWSE DEBUG OBJECTEXTEND

line level    source

   1          #include "Config.c"
   2          #include "PWM.h"
   3          #include "ldc1000_51.h"
   4          #include "Lcd_1602.h"
   5          void PWM_Time1_Config()
   6          {       
   7   1              TMOD|=0X01;
   8   1              TH0=0X00;
   9   1              TL0=0X00;
  10   1              EA|=1;
  11   1              ET0=1;
  12   1              TR0=1;
  13   1      
  14   1              ENA=1;
  15   1              ENB=1;   
  16   1      }
  17          void PWM_Left(int y,int z)
  18          {       
  19   1              ENA=0;
  20   1              if(y<=z)
  21   1              {
  22   2                      ENB=1;
  23   2              }
  24   1              if(y>z)
  25   1              {
  26   2                      ENB=0;
  27   2              }
  28   1      }
  29          void PWM_Right(int y,int z)
  30          {
  31   1               ENB=0;
  32   1              if(y<=z)
  33   1              {
  34   2                      ENA=1;
  35   2              }
  36   1              if(y>z)
  37   1              {
  38   2                      ENA=0;
  39   2              }
  40   1      }
  41          
  42          
  43          void PWM_Low(int y,int z)
  44          {
  45   1                      int x=y;
  46   1                      if(y>20){
  47   2                              x=y-2;
  48   2                      }
  49   1                      if(y<=z)
  50   1                      {
  51   2                              ENB=1;
  52   2                      }
  53   1                      if(y>z)
  54   1                      {
  55   2                              ENB=0;
C51 COMPILER V9.00   PWM                                                                   07/30/2016 11:49:16 PAGE 2   

  56   2                      }
  57   1                      if(x<=z)
  58   1                      {
  59   2                              ENA=1;
  60   2                      }
  61   1                      if(x>z)
  62   1                      {
  63   2                              ENA=0;
  64   2              }
  65   1      }


MODULE INFORMATION:   STATIC OVERLAYABLE
   CODE SIZE        =    169    ----
   CONSTANT SIZE    =   ----    ----
   XDATA SIZE       =   ----    ----
   PDATA SIZE       =   ----    ----
   DATA SIZE        =   ----    ----
   IDATA SIZE       =   ----    ----
   BIT SIZE         =   ----    ----
END OF MODULE INFORMATION.


C51 COMPILATION COMPLETE.  0 WARNING(S),  0 ERROR(S)
