C51 COMPILER V9.00   CONFIG                                                                07/25/2016 16:32:12 PAGE 1   


C51 COMPILER V9.00, COMPILATION OF MODULE CONFIG
OBJECT MODULE PLACED IN Config.OBJ
COMPILER INVOKED BY: d:\Keil\C51\BIN\C51.EXE Config.c BROWSE DEBUG OBJECTEXTEND

line level    source

   1          /*
   2                  Òý½Å¶¨Òå
   3          */
   4          
   5          #include <reg52.h>
   6          
   7          sbit Test_Led=P2^3;
   8          /* L298N */
   9          sbit IN1=P1^0;
  10          sbit IN2=P1^1;
  11          sbit IN3=P1^2;
  12          sbit IN4=P1^3;
  13          
  14          /* LCD */
  15          sbit LCD_rs=P2^6;
  16          sbit LCD_rw=P2^5;
  17          sbit LCD_e=P2^7;
  18          
  19          /* PWM */
  20          sbit ENA=P1^4;
  21          sbit ENB=P1^5;
  22          /* Ultrasound */
  23          sbit T=P2^0;
  24          sbit E=P2^1;
  25          /* Steering_enginc */
  26          sbit IO=P3^7;
  27          
  28          
  29          /* Controller */
  30          sbit IN=P3^2;


MODULE INFORMATION:   STATIC OVERLAYABLE
   CODE SIZE        =   ----    ----
   CONSTANT SIZE    =   ----    ----
   XDATA SIZE       =   ----    ----
   PDATA SIZE       =   ----    ----
   DATA SIZE        =   ----    ----
   IDATA SIZE       =   ----    ----
   BIT SIZE         =   ----    ----
END OF MODULE INFORMATION.


C51 COMPILATION COMPLETE.  0 WARNING(S),  0 ERROR(S)
