C51 COMPILER V9.00   CONTROLLER                                                            07/25/2016 16:32:12 PAGE 1   


C51 COMPILER V9.00, COMPILATION OF MODULE CONTROLLER
OBJECT MODULE PLACED IN Controller.OBJ
COMPILER INVOKED BY: d:\Keil\C51\BIN\C51.EXE Controller.c BROWSE DEBUG OBJECTEXTEND

line level    source

   1          #include "Config.c"
   2          #include "Controller.h"
   3          #include "LCD.h"
   4          #include "L298N.h"
   5          unsigned char Value[6];
   6          void Controller_Out0_Config()
   7          {
   8   1              EA|=1;
   9   1              IT0=1;
  10   1              EX0=1;
  11   1      }
  12          void De()               //@11.0592MHz  //用于刷新显示
  13          {
  14   1              char i, j, k;
  15   1              i = 6;
  16   1              j = 130;
  17   1              k = 111;
  18   1              do
  19   1              {
  20   2                      do
  21   2                      {
  22   3                              while (--k);
  23   3                      } while (--j);
  24   2              } while (--i);
  25   1      }
  26          
  27          void Red_line()
  28          {
  29   1              unsigned char j,k;
  30   1              unsigned int err,Time;
  31   1              Time=0;                                  
  32   1              DelayMs(70);
  33   1                      if(IN==0)               //确认是否真的接收到正确的信号
  34   1                      {        
  35   2                              err=1000;                               //1000*10us=10ms,超过说明接收到错误的信号
  36   2                              while((IN==0)&&(err>0)) //等待前面9ms的低电平过去               
  37   2                              {                       
  38   3                                      DelayMs(1);
  39   3                                      err--;
  40   3                              } 
  41   2                              if(IN==1)                       //如果正确等到9ms低电平
  42   2                              {
  43   3                                      err=500;
  44   3                                      while((IN==1)&&(err>0))          //等待4.5ms的起始高电平过去
  45   3                                      {
  46   4                                              DelayMs(1);
  47   4                                              err--;
  48   4                                      }
  49   3                                      for(k=0;k<4;k++)                //共有4组数据
  50   3                                      {                               
  51   4                                              for(j=0;j<8;j++)        //接收一组数据
  52   4                                              {
  53   5              
  54   5                                                      err=60;         
  55   5                                                      while((IN==0)&&(err>0))//等待信号前面的560us低电平过去
C51 COMPILER V9.00   CONTROLLER                                                            07/25/2016 16:32:12 PAGE 2   

  56   5                                                      {
  57   6                                                              DelayMs(1);
  58   6                                                              err--;
  59   6                                                      }
  60   5                                                      err=500;
  61   5                                                      while((IN==1)&&(err>0))  //计算高电平的时间长度。
  62   5                                                      {
  63   6                                                              DelayMs(1);//0.14ms
  64   6                                                              Time++;
  65   6                                                              err--;
  66   6                                                              if(Time>30)
  67   6                                                              {
  68   7                                                                      EX0=1;
  69   7                                                                      return;
  70   7                                                              }
  71   6                                                      }
  72   5                                                      Value[k]>>=1;        //k表示第几组数据
  73   5                                                      if(Time>=8)                     //如果高电平出现大于565us，那么是1
  74   5                                                      {
  75   6                                                              Value[k]|=0x80;
  76   6                                                      }
  77   5                                                      Time=0;         //用完时间要重新赋值                                                    
  78   5                                              }
  79   4                                      }
  80   3                              }
  81   2                              if(Value[2]!=~Value[3])
  82   2                              {
  83   3                                      for(j=0;j<4;j++)
  84   3                                      {
  85   4                                              Value[j]=0;
  86   4                                      }
  87   3                                      return;
  88   3                              }
  89   2                      }
  90   1      }
  91          void Controller_out()
  92          {       int i,t;
  93   1              LCD_init();
  94   1              for(i=0;i<8;i++){
  95   2                                      t=Value[2]&0x01;
  96   2                                      Write_dat(t+48);        
  97   2                                      Value[2]>>=1;   
  98   2                          }            
  99   1                      De();
 100   1                      Write_com(0x01);        
 101   1      }
 102          void  Controller_test()                    //用于LCD1602 显示键值；
 103          {
 104   1          Controller_Out0_Config();
 105   1              while(1){
 106   2                      Controller_out();
 107   2              }
 108   1      }
 109          int Controller_Com(){    //带出 Value[2] 的值 
 110   1              return Value[2];
 111   1      }
 112          
 113          void DelayMs(unsigned int x)   //0.14ms误差 0us
 114          {
 115   1              unsigned char i;
 116   1              while(x--)
 117   1              {
C51 COMPILER V9.00   CONTROLLER                                                            07/25/2016 16:32:12 PAGE 3   

 118   2                      for (i = 0; i<13; i++); 
 119   2              }
 120   1      }


MODULE INFORMATION:   STATIC OVERLAYABLE
   CODE SIZE        =    383    ----
   CONSTANT SIZE    =   ----    ----
   XDATA SIZE       =   ----    ----
   PDATA SIZE       =   ----    ----
   DATA SIZE        =      6      10
   IDATA SIZE       =   ----    ----
   BIT SIZE         =   ----    ----
END OF MODULE INFORMATION.


C51 COMPILATION COMPLETE.  0 WARNING(S),  0 ERROR(S)
