C51 COMPILER V9.00   MAIN                                                                  07/25/2016 16:32:12 PAGE 1   


C51 COMPILER V9.00, COMPILATION OF MODULE MAIN
OBJECT MODULE PLACED IN Main.OBJ
COMPILER INVOKED BY: d:\Keil\C51\BIN\C51.EXE Main.c BROWSE DEBUG OBJECTEXTEND

line level    source

   1          #include <reg52.h>
   2          #include "LCD.h"
   3          #include "Ultrasound.h"
   4          #include "Controller.h"
   5          #include "PWM.h"
   6          #include "L298N.h"
   7          #include "Steering_engine.h"
   8          static int ky=0;
   9          void main()
  10          {        int sp=80;
  11   1              //LCD_test();                    //LCD1602≤‚ ‘
  12   1              //Controller_test();       //∫ÏÕ‚“£øÿ≤‚ ‘
  13   1      //      Steering_test();                 //∂Êª˙≤‚ ‘
  14   1                       //≥¨…˘≤®≤‚ ‘
  15   1      //      PWM_test();                             //PWM≤‚ ‘
  16   1               
  17   1              while(1){
  18   2               Go();          
  19   2               Ultrasound_test();
  20   2              sp=Count();
  21   2              if(sp<10){
  22   3                      Stop();
  23   3              }
  24   2              Delay250ms();
  25   2              } 
  26   1      /*      Controller_Out0_Config();
  27   1              PWM_Time1_Config();
  28   1              Steering_Time0_Config();
  29   1              PWM_flag=0;                                               //≥ı ºªØPWM_flag=0      PWM±Í÷æŒª£ª
  30   1              while(1){
  31   1                      ky=Controller_Com();
  32   1                      switch(ky)
  33   1                      {
  34   1                              case 0x45:              PWM_flag=0;Go();    break;
  35   1                              case 0x47:              PWM_flag=0;Back();  break;
  36   1                              case 0x46:              PWM_flag=0;Stop();      break;
  37   1                              case 0x44:              PWM_flag=-1;            break;
  38   1                              case 0x40:              PWM_flag=0;                     break;
  39   1                              case 0x43:              PWM_flag=1;                 break;
  40   1                              case 0x07:
  41   1                              case 0x15:
  42   1                              case 0x09:
  43   1                              case 0x16:
  44   1                              case 0x19:
  45   1                              case 0x0D:
  46   1                              case 0x0C:
  47   1                              case 0x18:
  48   1                              case 0x5E:
  49   1                              case 0x08:
  50   1                              case 0x1C:
  51   1                              case 0x5A:
  52   1                              case 0x42:
  53   1                              case 0x52:
  54   1                              case 0x4A:
  55   1                              default:                        Stop();         break;
C51 COMPILER V9.00   MAIN                                                                  07/25/2016 16:32:12 PAGE 2   

  56   1                      }                       
  57   1              }                */             
  58   1      }
  59          void Time1() interrupt 3
  60          {       
  61   1              PWM_time1();            //PWM≤‚ ‘
  62   1      }
  63          void Time0() interrupt 1
  64          {
  65   1              //Steering_Time0();                //∂Êª˙≤‚ ‘
  66   1               Ultrasound_Time1();      //≥¨…˘≤®≤‚ ‘
  67   1      }
  68          void Out0() interrupt 0
  69          {       
  70   1              Red_line();                                      //∫ÏÕ‚øÿ÷∆
  71   1      }
  72          
  73                  
  74                          


MODULE INFORMATION:   STATIC OVERLAYABLE
   CODE SIZE        =    217    ----
   CONSTANT SIZE    =   ----    ----
   XDATA SIZE       =   ----    ----
   PDATA SIZE       =   ----    ----
   DATA SIZE        =      2       2
   IDATA SIZE       =   ----    ----
   BIT SIZE         =   ----    ----
END OF MODULE INFORMATION.


C51 COMPILATION COMPLETE.  0 WARNING(S),  0 ERROR(S)
