C51 COMPILER V9.00   STEERING_ENGINE                                                       07/25/2016 16:32:12 PAGE 1   


C51 COMPILER V9.00, COMPILATION OF MODULE STEERING_ENGINE
OBJECT MODULE PLACED IN Steering_engine.OBJ
COMPILER INVOKED BY: d:\Keil\C51\BIN\C51.EXE Steering_engine.c BROWSE DEBUG OBJECTEXTEND

line level    source

   1          #include "Config.c"
   2          #include "LCD.h"
   3          #include "Steering_engine.h"
   4          void Steering_Time0_Config()
   5          {
   6   1              TMOD|=0X01;
   7   1              EA|=1;
   8   1              TH0=0Xfe;
   9   1              TL0=0X35;
  10   1              ET0=1;
  11   1              TR0=1;
  12   1      }
  13          void Steering_Time0()
  14          {
  15   1              int temp,k;
  16   1              static int Angle=1,f;
  17   1              int ar[]={1,2,3,2};
  18   1              TH0=0Xfe;
  19   1              TL0=0X35;
  20   1              k++;
  21   1              if(k==1500){
  22   2                      k=0;
  23   2                      Angle=ar[f];
  24   2                      if(f==3){
  25   3                              f=-1;
  26   3                      }       
  27   2                      f++;      
  28   2              }
  29   1              if(temp<=Angle){
  30   2                      IO=1;
  31   2              }else{
  32   2                      IO=0;
  33   2              }
  34   1              temp++;
  35   1              if(temp==40){
  36   2                      temp=0;
  37   2              }
  38   1      }
  39          void Steering_test()
  40          {
  41   1              IO=0;
  42   1              Steering_Time0_Config();
  43   1              while(1);
  44   1      }


MODULE INFORMATION:   STATIC OVERLAYABLE
   CODE SIZE        =    147    ----
   CONSTANT SIZE    =      8    ----
   XDATA SIZE       =   ----    ----
   PDATA SIZE       =   ----    ----
   DATA SIZE        =      4      12
   IDATA SIZE       =   ----    ----
   BIT SIZE         =   ----    ----
END OF MODULE INFORMATION.

C51 COMPILER V9.00   STEERING_ENGINE                                                       07/25/2016 16:32:12 PAGE 2   


C51 COMPILATION COMPLETE.  0 WARNING(S),  0 ERROR(S)
