C51 COMPILER V9.00   ULTRASOUND                                                            07/25/2016 16:32:13 PAGE 1   


C51 COMPILER V9.00, COMPILATION OF MODULE ULTRASOUND
OBJECT MODULE PLACED IN Ultrasound.OBJ
COMPILER INVOKED BY: d:\Keil\C51\BIN\C51.EXE Ultrasound.c BROWSE DEBUG OBJECTEXTEND

line level    source

   1          #include "Config.c"
   2          #include "LCD.h"
   3          #include "Ultrasound.h"
   4          int Count()
   5          {
   6   1              int ge,shi,bai,dist,time;
   7   1              Write_com(0x01);
   8   1          time=TH1*256+TL1;
   9   1          dist=time*0.019;
  10   1          bai=dist/100;
  11   1          shi=dist%100/10;
  12   1          ge=dist%100%10;
  13   1          Write_dat(bai+48);
  14   1          Write_dat(shi+48);
  15   1              Write_dat(ge+48);
  16   1              TH1=0;                      //计时器1 清零
  17   1              TL1=0;
  18   1              return dist;
  19   1      }
  20          void Time1_Config()             //没有TR1 控制；
  21          {
  22   1              TMOD|=0X10;
  23   1              TH1=0;
  24   1              TL1=0;
  25   1              ET1=1;
  26   1      }
  27          void Delay20us()                   //用于发送信号延时
  28          { 
  29   1          char a ;
  30   1          for(a=0;a<100;a++);
  31   1      }
  32          void Send()
  33          {
  34   1              T=0;
  35   1              T=1;
  36   1              Delay20us();
  37   1              T=0;
  38   1      }
  39          void Ultrasound_test()
  40          {
  41   1              T=0;
  42   1              Time1_Config();
  43   1              LCD_init();
  44   1      
  45   1                      Send();
  46   1                      while(!E);
  47   1                      TR1=1;
  48   1                      while(E);
  49   1                      TR1=0;
  50   1                      Count();
  51   1              Delay250ms();                   
  52   1              
  53   1      }
  54          void Delay250ms()               //@11.0592MHz  //用于刷新显示
  55          {
C51 COMPILER V9.00   ULTRASOUND                                                            07/25/2016 16:32:13 PAGE 2   

  56   1              char i, j, k;
  57   1              
  58   1              i = 11;
  59   1              j = 130;
  60   1              k = 111;
  61   1              do
  62   1              {
  63   2                      do
  64   2                      {
  65   3                              while (--k);
  66   3                      } while (--j);
  67   2              } while (--i);
  68   1      }
  69          void Ultrasound_Time1()
  70          {
  71   1              TH1=0;
  72   1              TL1=0;
  73   1      }


MODULE INFORMATION:   STATIC OVERLAYABLE
   CODE SIZE        =    217    ----
   CONSTANT SIZE    =   ----    ----
   XDATA SIZE       =   ----    ----
   PDATA SIZE       =   ----    ----
   DATA SIZE        =   ----       6
   IDATA SIZE       =   ----    ----
   BIT SIZE         =   ----    ----
END OF MODULE INFORMATION.


C51 COMPILATION COMPLETE.  0 WARNING(S),  0 ERROR(S)
