C51 COMPILER V9.00   DS1302                                                                07/23/2016 10:01:41 PAGE 1   


C51 COMPILER V9.00, COMPILATION OF MODULE DS1302
OBJECT MODULE PLACED IN DS1302.OBJ
COMPILER INVOKED BY: d:\Keil\C51\BIN\C51.EXE DS1302.c BROWSE DEBUG OBJECTEXTEND

line level    source

   1          #include "Config.c"
   2          void Write_com(char x)
   3          {
   4   1              LCD_rs=0;
   5   1              LCD_rw=0;
   6   1              LCD_e=0;
   7   1              LCD_Delay();
   8   1              P0=x;
   9   1              LCD_e=1;
  10   1              LCD_Delay();
  11   1              LCD_e=0;
  12   1      
  13   1      }
  14          void Write_dat(char x)
  15          {
  16   1              LCD_rs=1;
  17   1              LCD_rw=0;
  18   1              LCD_e=0;
  19   1              LCD_Delay();
  20   1              P0=x;
  21   1              LCD_e=1;
  22   1              LCD_Delay();
  23   1              LCD_e=0;
  24   1      
  25   1      }
  26          void LCD_init()
  27          {
  28   1              LCD_rs=0;
  29   1              LCD_rw=0;
  30   1              LCD_e=0;
  31   1          Write_com(0x38);
  32   1              Write_com(0x0e);
  33   1              Write_com(0x06);
  34   1              Write_com(0x01);
  35   1      }
  36          void LCD_Delay()
  37          {
  38   1              int x,y;
  39   1              for(x=0;x<10;x++)
  40   1                      for(y=0;y<200;y++);
  41   1      }


MODULE INFORMATION:   STATIC OVERLAYABLE
   CODE SIZE        =     99    ----
   CONSTANT SIZE    =   ----    ----
   XDATA SIZE       =   ----    ----
   PDATA SIZE       =   ----    ----
   DATA SIZE        =   ----       2
   IDATA SIZE       =   ----    ----
   BIT SIZE         =   ----    ----
END OF MODULE INFORMATION.


C51 COMPILATION COMPLETE.  0 WARNING(S),  0 ERROR(S)
