C51 COMPILER V9.00   L298N                                                                 07/23/2016 10:01:40 PAGE 1   


C51 COMPILER V9.00, COMPILATION OF MODULE L298N
OBJECT MODULE PLACED IN L298N.OBJ
COMPILER INVOKED BY: d:\Keil\C51\BIN\C51.EXE L298N.C BROWSE DEBUG OBJECTEXTEND

line level    source

   1          #include "Config.c"
   2          
   3          void Go()
   4          {
   5   1          IN1=0;
   6   1              IN2=1;
   7   1              IN3=0;
   8   1              IN4=1;
   9   1      }
  10          void Back()
  11          {
  12   1              IN1=1;
  13   1              IN2=0;
  14   1              IN3=1;
  15   1              IN4=0;
  16   1      }
  17          void Stop()
  18          {
  19   1              ENA=0;
  20   1              ENB=0;
  21   1      }
  22          


MODULE INFORMATION:   STATIC OVERLAYABLE
   CODE SIZE        =     23    ----
   CONSTANT SIZE    =   ----    ----
   XDATA SIZE       =   ----    ----
   PDATA SIZE       =   ----    ----
   DATA SIZE        =   ----    ----
   IDATA SIZE       =   ----    ----
   BIT SIZE         =   ----    ----
END OF MODULE INFORMATION.


C51 COMPILATION COMPLETE.  0 WARNING(S),  0 ERROR(S)
