C51 COMPILER V9.00   MAIN                                                                  07/23/2016 10:01:40 PAGE 1   


C51 COMPILER V9.00, COMPILATION OF MODULE MAIN
OBJECT MODULE PLACED IN main.OBJ
COMPILER INVOKED BY: d:\Keil\C51\BIN\C51.EXE main.c BROWSE DEBUG OBJECTEXTEND

line level    source

   1          #include "Config.c"
   2          int temp,e;
   3          int PWM_flag;
   4          unsigned char Value[6];
   5          void DelayMs(unsigned int x);
   6          int i,t;
   7          void main()
   8          {       
   9   1              LCD_init();
  10   1              Time0_Config();
  11   1              T=0;
  12   1      Write_dat('5');         Write_dat('5');
  13   1      
  14   1      }
  15          
  16          
  17          void Time0() interrupt 1
  18          {
  19   1              TH0=0XFF;
  20   1              TL0=0XFE;
  21   1              PWM_flag==1?PWM_Left(30):PWM_Right(30);  //当PWM_flag为1是左转  0右转
  22   1              temp++;
  23   1              if(temp==200){
  24   2                      temp=0;
  25   2              }       
  26   1      }
  27          void Chao_Time0() interrupt 3     
  28          {
  29   1              TH1=0;
  30   1              TL1=0;
  31   1      }
  32          
  33          void res() interrupt 0
  34          {
  35   1                      unsigned char j,k;
  36   1                      unsigned int err;
  37   1                      e=0;                                     
  38   1                      DelayMs(70);
  39   1              
  40   1                      if(IN==0)               //确认是否真的接收到正确的信号
  41   1                      {        
  42   2                              err=1000;                               //1000*10us=10ms,超过说明接收到错误的信号
  43   2                              while((IN==0)&&(err>0)) //等待前面9ms的低电平过去               
  44   2                              {                       
  45   3                                      DelayMs(1);
  46   3                                      err--;
  47   3                              } 
  48   2                              if(IN==1)                       //如果正确等到9ms低电平
  49   2                              {
  50   3                                      err=500;
  51   3                                      while((IN==1)&&(err>0))          //等待4.5ms的起始高电平过去
  52   3                                      {
  53   4                                              DelayMs(1);
  54   4                                              err--;
  55   4                                      }
C51 COMPILER V9.00   MAIN                                                                  07/23/2016 10:01:40 PAGE 2   

  56   3                                      for(k=0;k<4;k++)                //共有4组数据
  57   3                                      {                               
  58   4                                              for(j=0;j<8;j++)        //接收一组数据
  59   4                                              {
  60   5              
  61   5                                                      err=60;         
  62   5                                                      while((IN==0)&&(err>0))//等待信号前面的560us低电平过去
  63   5                                                      {
  64   6                                                              DelayMs(1);
  65   6                                                              err--;
  66   6                                                      }
  67   5                                                      err=500;
  68   5                                                      while((IN==1)&&(err>0))  //计算高电平的时间长度。
  69   5                                                      {
  70   6                                                              DelayMs(1);//0.14ms
  71   6                                                              e++;
  72   6                                                              err--;
  73   6                                                              if(e>30)
  74   6                                                              {
  75   7                                                                      EX0=1;
  76   7                                                                      return;
  77   7                                                              }
  78   6                                                      }
  79   5                                                      Value[k]>>=1;        //k表示第几组数据
  80   5                                                      if(e>=8)                        //如果高电平出现大于565us，那么是1
  81   5                                                      {
  82   6                                                              Value[k]|=0x80;
  83   6                                                      }
  84   5                                                      e=0;            //用完时间要重新赋值                                                    
  85   5                                              }
  86   4                                      }
  87   3                              }
  88   2                              if(Value[2]!=~Value[3])
  89   2                              {
  90   3                                      Write_dat('x');
  91   3                                      return;
  92   3                              }
  93   2                      }                       
  94   1              }
  95          
  96          
  97          
  98          
  99          
 100          
 101          


MODULE INFORMATION:   STATIC OVERLAYABLE
   CODE SIZE        =    461    ----
   CONSTANT SIZE    =   ----    ----
   XDATA SIZE       =   ----    ----
   PDATA SIZE       =   ----    ----
   DATA SIZE        =     16       4
   IDATA SIZE       =   ----    ----
   BIT SIZE         =   ----    ----
END OF MODULE INFORMATION.


C51 COMPILATION COMPLETE.  0 WARNING(S),  0 ERROR(S)
