C51 COMPILER V9.00   LCD                                                                   07/27/2016 14:16:31 PAGE 1   


C51 COMPILER V9.00, COMPILATION OF MODULE LCD
OBJECT MODULE PLACED IN LCD.OBJ
COMPILER INVOKED BY: d:\Keil\C51\BIN\C51.EXE LCD.c BROWSE DEBUG OBJECTEXTEND

line level    source

   1          #include <reg52.h>
   2          sbit LCD_rs=P2^6;
   3          sbit LCD_rw=P2^5;
   4          sbit LCD_e=P2^7;
   5          #include "LCD.h"
   6          
   7          void LCD_Delay()
   8          {
   9   1              int x,y;
  10   1              for(x=0;x<10;x++)
  11   1                      for(y=0;y<200;y++);
  12   1      }
  13          void Write_com(char x)
  14          {
  15   1              LCD_rs=0;
  16   1              LCD_rw=0;
  17   1              LCD_e=0;
  18   1              LCD_Delay();
  19   1              P0=x;
  20   1              LCD_e=1;
  21   1              LCD_Delay();
  22   1              LCD_e=0;
  23   1      }
  24          void Write_dat(char x)
  25          {
  26   1              LCD_rs=1;
  27   1              LCD_rw=0;
  28   1              LCD_e=0;
  29   1              LCD_Delay();
  30   1              P0=x;
  31   1              LCD_e=1;
  32   1              LCD_Delay();
  33   1              LCD_e=0;
  34   1      
  35   1      }
  36          void LCD_init()
  37          {
  38   1              LCD_rs=0;
  39   1              LCD_rw=0;
  40   1              LCD_e=0;
  41   1          Write_com(0x38);
  42   1              Write_com(0x0e);
  43   1              Write_com(0x06);
  44   1              Write_com(0x01);
  45   1      }
  46          void LCD_test()
  47          {       char ch[]="LCD_test success";
  48   1              int i;
  49   1                      LCD_init();
  50   1              
  51   1              for(i=0;i<16;i++)
  52   1              {
  53   2                      Write_dat(ch[i]);
  54   2              }
  55   1              while(1);
C51 COMPILER V9.00   LCD                                                                   07/27/2016 14:16:31 PAGE 2   

  56   1      }


MODULE INFORMATION:   STATIC OVERLAYABLE
   CODE SIZE        =    133    ----
   CONSTANT SIZE    =     17    ----
   XDATA SIZE       =   ----    ----
   PDATA SIZE       =   ----    ----
   DATA SIZE        =   ----      17
   IDATA SIZE       =   ----    ----
   BIT SIZE         =   ----    ----
END OF MODULE INFORMATION.


C51 COMPILATION COMPLETE.  0 WARNING(S),  0 ERROR(S)
